1732334984.345618 client started (50870): version 3.5a, socket /private/tmp/tmux-501/default, protocol 8
1732334984.345646 on Darwin 22.1.0 Darwin Kernel Version 22.1.0: Sun Oct  9 20:14:30 PDT 2022; root:xnu-8792.41.9~2/RELEASE_ARM64_T8103
1732334984.345653 using libevent 2.1.12-stable select
1732334984.345797 using utf8proc 2.9.0
1732334984.345807 using ncurses 6.5 20240427
1732334984.345821 flags are 0x10010000
1732334984.345825 socket is /private/tmp/tmux-501/default
1732334984.345834 trying connect
1732334984.345868 add peer 0x148048000: 6 (0x0)
1732334984.348497 sending message 111 to peer 0x148048000 (8 bytes)
1732334984.348507 sending message 111 to peer 0x148048000 (8 bytes)
1732334984.348511 sending message 101 to peer 0x148048000 (16 bytes)
1732334984.348515 sending message 109 to peer 0x148048000 (4 bytes)
1732334984.348519 sending message 102 to peer 0x148048000 (13 bytes)
1732334984.348522 sending message 108 to peer 0x148048000 (45 bytes)
1732334984.348526 sending message 112 to peer 0x148048000 (70 bytes)
1732334984.348530 sending message 112 to peer 0x148048000 (5 bytes)
1732334984.348534 sending message 112 to peer 0x148048000 (5 bytes)
1732334984.348537 sending message 112 to peer 0x148048000 (6 bytes)
1732334984.348540 sending message 112 to peer 0x148048000 (6 bytes)
1732334984.348543 sending message 112 to peer 0x148048000 (11 bytes)
1732334984.348546 sending message 112 to peer 0x148048000 (10 bytes)
1732334984.348549 sending message 112 to peer 0x148048000 (13 bytes)
1732334984.348552 sending message 112 to peer 0x148048000 (13 bytes)
1732334984.348555 sending message 112 to peer 0x148048000 (18 bytes)
1732334984.348558 sending message 112 to peer 0x148048000 (11 bytes)
1732334984.348561 sending message 112 to peer 0x148048000 (21 bytes)
1732334984.348564 sending message 112 to peer 0x148048000 (13 bytes)
1732334984.348567 sending message 112 to peer 0x148048000 (7 bytes)
1732334984.348570 sending message 112 to peer 0x148048000 (13 bytes)
1732334984.348573 sending message 112 to peer 0x148048000 (7 bytes)
1732334984.348576 sending message 112 to peer 0x148048000 (13 bytes)
1732334984.348579 sending message 112 to peer 0x148048000 (9 bytes)
1732334984.348582 sending message 112 to peer 0x148048000 (21 bytes)
1732334984.348585 sending message 112 to peer 0x148048000 (13 bytes)
1732334984.348588 sending message 112 to peer 0x148048000 (8 bytes)
1732334984.348591 sending message 112 to peer 0x148048000 (12 bytes)
1732334984.348594 sending message 112 to peer 0x148048000 (13 bytes)
1732334984.348597 sending message 112 to peer 0x148048000 (9 bytes)
1732334984.348600 sending message 112 to peer 0x148048000 (9 bytes)
1732334984.348604 sending message 112 to peer 0x148048000 (12 bytes)
1732334984.348607 sending message 112 to peer 0x148048000 (8 bytes)
1732334984.348610 sending message 112 to peer 0x148048000 (7 bytes)
1732334984.348613 sending message 112 to peer 0x148048000 (7 bytes)
1732334984.348616 sending message 112 to peer 0x148048000 (9 bytes)
1732334984.348619 sending message 112 to peer 0x148048000 (13 bytes)
1732334984.348622 sending message 112 to peer 0x148048000 (9 bytes)
1732334984.348625 sending message 112 to peer 0x148048000 (15 bytes)
1732334984.348628 sending message 112 to peer 0x148048000 (13 bytes)
1732334984.348631 sending message 112 to peer 0x148048000 (12 bytes)
1732334984.348634 sending message 112 to peer 0x148048000 (8 bytes)
1732334984.348637 sending message 112 to peer 0x148048000 (14 bytes)
1732334984.348640 sending message 112 to peer 0x148048000 (9 bytes)
1732334984.348643 sending message 112 to peer 0x148048000 (10 bytes)
1732334984.348646 sending message 112 to peer 0x148048000 (10 bytes)
1732334984.348649 sending message 112 to peer 0x148048000 (10 bytes)
1732334984.348652 sending message 112 to peer 0x148048000 (10 bytes)
1732334984.348655 sending message 112 to peer 0x148048000 (11 bytes)
1732334984.348658 sending message 112 to peer 0x148048000 (10 bytes)
1732334984.348661 sending message 112 to peer 0x148048000 (8 bytes)
1732334984.348664 sending message 112 to peer 0x148048000 (11 bytes)
1732334984.348673 sending message 112 to peer 0x148048000 (11 bytes)
1732334984.348675 sending message 112 to peer 0x148048000 (11 bytes)
1732334984.348677 sending message 112 to peer 0x148048000 (8 bytes)
1732334984.348680 sending message 112 to peer 0x148048000 (8 bytes)
1732334984.348682 sending message 112 to peer 0x148048000 (8 bytes)
1732334984.348684 sending message 112 to peer 0x148048000 (10 bytes)
1732334984.348686 sending message 112 to peer 0x148048000 (10 bytes)
1732334984.348688 sending message 112 to peer 0x148048000 (10 bytes)
1732334984.348690 sending message 112 to peer 0x148048000 (10 bytes)
1732334984.348692 sending message 112 to peer 0x148048000 (10 bytes)
1732334984.348694 sending message 112 to peer 0x148048000 (11 bytes)
1732334984.348696 sending message 112 to peer 0x148048000 (11 bytes)
1732334984.348698 sending message 112 to peer 0x148048000 (10 bytes)
1732334984.348701 sending message 112 to peer 0x148048000 (9 bytes)
1732334984.348703 sending message 112 to peer 0x148048000 (9 bytes)
1732334984.348705 sending message 112 to peer 0x148048000 (12 bytes)
1732334984.348707 sending message 112 to peer 0x148048000 (9 bytes)
1732334984.348709 sending message 112 to peer 0x148048000 (6 bytes)
1732334984.348711 sending message 112 to peer 0x148048000 (13 bytes)
1732334984.348713 sending message 112 to peer 0x148048000 (8 bytes)
1732334984.348715 sending message 112 to peer 0x148048000 (15 bytes)
1732334984.348717 sending message 112 to peer 0x148048000 (13 bytes)
1732334984.348719 sending message 112 to peer 0x148048000 (70 bytes)
1732334984.348721 sending message 112 to peer 0x148048000 (69 bytes)
1732334984.348724 sending message 112 to peer 0x148048000 (10 bytes)
1732334984.348726 sending message 112 to peer 0x148048000 (8 bytes)
1732334984.348728 sending message 112 to peer 0x148048000 (15 bytes)
1732334984.348730 sending message 112 to peer 0x148048000 (13 bytes)
1732334984.348732 sending message 112 to peer 0x148048000 (10 bytes)
1732334984.348734 sending message 112 to peer 0x148048000 (10 bytes)
1732334984.348736 sending message 112 to peer 0x148048000 (5 bytes)
1732334984.348738 sending message 112 to peer 0x148048000 (15 bytes)
1732334984.348742 sending message 104 to peer 0x148048000 (0 bytes)
1732334984.348744 sending message 110 to peer 0x148048000 (0 bytes)
1732334984.348747 sending message 107 to peer 0x148048000 (4 bytes)
1732334984.348749 sending message 105 to peer 0x148048000 (20 bytes)
1732334984.348751 sending message 105 to peer 0x148048000 (22 bytes)
1732334984.348753 sending message 105 to peer 0x148048000 (22 bytes)
1732334984.348755 sending message 105 to peer 0x148048000 (37 bytes)
1732334984.348757 sending message 105 to peer 0x148048000 (30 bytes)
1732334984.348759 sending message 105 to peer 0x148048000 (34 bytes)
1732334984.348761 sending message 105 to peer 0x148048000 (60 bytes)
1732334984.348763 sending message 105 to peer 0x148048000 (17 bytes)
1732334984.348765 sending message 105 to peer 0x148048000 (18 bytes)
1732334984.348768 sending message 105 to peer 0x148048000 (52 bytes)
1732334984.348770 sending message 105 to peer 0x148048000 (12 bytes)
1732334984.348772 sending message 105 to peer 0x148048000 (401 bytes)
1732334984.348774 sending message 105 to peer 0x148048000 (16 bytes)
1732334984.348776 sending message 105 to peer 0x148048000 (49 bytes)
1732334984.348778 sending message 105 to peer 0x148048000 (15 bytes)
1732334984.348781 sending message 105 to peer 0x148048000 (8 bytes)
1732334984.348783 sending message 105 to peer 0x148048000 (66 bytes)
1732334984.348785 sending message 105 to peer 0x148048000 (21 bytes)
1732334984.348787 sending message 105 to peer 0x148048000 (18 bytes)
1732334984.348789 sending message 105 to peer 0x148048000 (26 bytes)
1732334984.348791 sending message 105 to peer 0x148048000 (57 bytes)
1732334984.348793 sending message 105 to peer 0x148048000 (43 bytes)
1732334984.348795 sending message 105 to peer 0x148048000 (13 bytes)
1732334984.348797 sending message 105 to peer 0x148048000 (15 bytes)
1732334984.348800 sending message 105 to peer 0x148048000 (52 bytes)
1732334984.348806 sending message 105 to peer 0x148048000 (65 bytes)
1732334984.348808 sending message 105 to peer 0x148048000 (72 bytes)
1732334984.348810 sending message 105 to peer 0x148048000 (64 bytes)
1732334984.348812 sending message 105 to peer 0x148048000 (15 bytes)
1732334984.348815 sending message 105 to peer 0x148048000 (73 bytes)
1732334984.348817 sending message 105 to peer 0x148048000 (14 bytes)
1732334984.348819 sending message 105 to peer 0x148048000 (19 bytes)
1732334984.348821 sending message 105 to peer 0x148048000 (49 bytes)
1732334984.348823 sending message 105 to peer 0x148048000 (44 bytes)
1732334984.348825 sending message 105 to peer 0x148048000 (26 bytes)
1732334984.348827 sending message 105 to peer 0x148048000 (22 bytes)
1732334984.348829 sending message 105 to peer 0x148048000 (44 bytes)
1732334984.348831 sending message 105 to peer 0x148048000 (38 bytes)
1732334984.348834 sending message 105 to peer 0x148048000 (10 bytes)
1732334984.348836 sending message 105 to peer 0x148048000 (25 bytes)
1732334984.348838 sending message 106 to peer 0x148048000 (0 bytes)
1732334984.348871 sending message 200 to peer 0x148048000 (4 bytes)
1732334984.348875 client loop enter
1732334984.349144 peer 0x148048000 message 303
1732334984.349149 open write file 2 -
1732334984.349155 sending message 305 to peer 0x148048000 (8 bytes)
1732334984.349163 write check file 2
1732334984.349178 peer 0x148048000 message 304
1732334984.349180 write 58 to file 2
1732334984.349183 peer 0x148048000 message 203
1732334984.349185 file 2 58 bytes left
1732334984.349194 write check file 2
1732334984.349197 client loop exit
